{"C:\\Users\\User\\Documents\\bd44\\andela\\My-Brand-Backend-Benn-Dalton\\app.js": {"path":"C:\\Users\\User\\Documents\\bd44\\andela\\My-Brand-Backend-Benn-Dalton\\app.js","statementMap":{"0":{"start":{"line":12,"column":12},"end":{"line":12,"column":21}},"1":{"start":{"line":13,"column":18},"end":{"line":13,"column":70}},"2":{"start":{"line":15,"column":0},"end":{"line":15,"column":29}},"3":{"start":{"line":16,"column":0},"end":{"line":16,"column":42}},"4":{"start":{"line":17,"column":0},"end":{"line":17,"column":50}},"5":{"start":{"line":20,"column":0},"end":{"line":20,"column":23}},"6":{"start":{"line":21,"column":0},"end":{"line":21,"column":15}},"7":{"start":{"line":22,"column":0},"end":{"line":22,"column":22}},"8":{"start":{"line":25,"column":0},"end":{"line":25,"column":63}},"9":{"start":{"line":28,"column":0},"end":{"line":28,"column":23}},"10":{"start":{"line":29,"column":0},"end":{"line":31,"column":2}},"11":{"start":{"line":30,"column":4},"end":{"line":30,"column":55}},"12":{"start":{"line":38,"column":4},"end":{"line":38,"column":41}},"13":{"start":{"line":39,"column":4},"end":{"line":39,"column":14}},"14":{"start":{"line":40,"column":14},"end":{"line":40,"column":30}}},"fnMap":{"0":{"name":"(anonymous_0)","decl":{"start":{"line":29,"column":8},"end":{"line":29,"column":9}},"loc":{"start":{"line":29,"column":22},"end":{"line":31,"column":1}},"line":29},"1":{"name":"(anonymous_1)","decl":{"start":{"line":37,"column":8},"end":{"line":37,"column":9}},"loc":{"start":{"line":37,"column":14},"end":{"line":40,"column":1}},"line":37},"2":{"name":"(anonymous_2)","decl":{"start":{"line":40,"column":9},"end":{"line":40,"column":10}},"loc":{"start":{"line":40,"column":14},"end":{"line":40,"column":30}},"line":40}},"branchMap":{},"s":{"0":2,"1":2,"2":2,"3":2,"4":2,"5":2,"6":2,"7":2,"8":2,"9":2,"10":2,"11":0,"12":2,"13":2,"14":0},"f":{"0":0,"1":2,"2":0},"b":{},"inputSourceMap":null,"_coverageSchema":"1a1c01bbd47fc00a2c39e90264f33305004495a9","hash":"358480d355c0f840d45a6b5ea2a773497c51fdd9"}
}
