{"C:\\Users\\User\\Documents\\bd44\\andela\\My-Brand-Backend-Benn-Dalton\\app.js": {"path":"C:\\Users\\User\\Documents\\bd44\\andela\\My-Brand-Backend-Benn-Dalton\\app.js","statementMap":{"0":{"start":{"line":12,"column":12},"end":{"line":12,"column":21}},"1":{"start":{"line":13,"column":18},"end":{"line":13,"column":70}},"2":{"start":{"line":15,"column":0},"end":{"line":15,"column":29}},"3":{"start":{"line":16,"column":0},"end":{"line":16,"column":42}},"4":{"start":{"line":17,"column":0},"end":{"line":17,"column":50}},"5":{"start":{"line":20,"column":0},"end":{"line":20,"column":23}},"6":{"start":{"line":21,"column":0},"end":{"line":21,"column":15}},"7":{"start":{"line":22,"column":0},"end":{"line":22,"column":22}},"8":{"start":{"line":25,"column":0},"end":{"line":25,"column":63}},"9":{"start":{"line":28,"column":0},"end":{"line":28,"column":23}},"10":{"start":{"line":29,"column":0},"end":{"line":31,"column":2}},"11":{"start":{"line":30,"column":4},"end":{"line":30,"column":55}},"12":{"start":{"line":34,"column":14},"end":{"line":34,"column":32}},"13":{"start":{"line":40,"column":4},"end":{"line":40,"column":41}},"14":{"start":{"line":41,"column":4},"end":{"line":41,"column":14}},"15":{"start":{"line":42,"column":14},"end":{"line":42,"column":30}}},"fnMap":{"0":{"name":"(anonymous_0)","decl":{"start":{"line":29,"column":8},"end":{"line":29,"column":9}},"loc":{"start":{"line":29,"column":22},"end":{"line":31,"column":1}},"line":29},"1":{"name":"(anonymous_1)","decl":{"start":{"line":39,"column":8},"end":{"line":39,"column":9}},"loc":{"start":{"line":39,"column":14},"end":{"line":42,"column":1}},"line":39},"2":{"name":"(anonymous_2)","decl":{"start":{"line":42,"column":9},"end":{"line":42,"column":10}},"loc":{"start":{"line":42,"column":14},"end":{"line":42,"column":30}},"line":42}},"branchMap":{},"s":{"0":3,"1":3,"2":3,"3":3,"4":3,"5":3,"6":3,"7":3,"8":3,"9":3,"10":3,"11":2,"12":3,"13":3,"14":3,"15":0},"f":{"0":2,"1":3,"2":0},"b":{},"inputSourceMap":null,"_coverageSchema":"1a1c01bbd47fc00a2c39e90264f33305004495a9","hash":"57c22184261b6acec9dc128f9e58c98c9d980b53"}
,"C:\\Users\\User\\Documents\\bd44\\andela\\My-Brand-Backend-Benn-Dalton\\swagger.js": {"path":"C:\\Users\\User\\Documents\\bd44\\andela\\My-Brand-Backend-Benn-Dalton\\swagger.js","statementMap":{"0":{"start":{"line":3,"column":16},"end":{"line":22,"column":1}},"1":{"start":{"line":23,"column":16},"end":{"line":23,"column":37}}},"fnMap":{},"branchMap":{},"s":{"0":3,"1":3},"f":{},"b":{},"inputSourceMap":null,"_coverageSchema":"1a1c01bbd47fc00a2c39e90264f33305004495a9","hash":"e9c23e1257044f4907c01fa5cfcba431f53f8257"}
,"C:\\Users\\User\\Documents\\bd44\\andela\\My-Brand-Backend-Benn-Dalton\\controllers\\message.js": {"path":"C:\\Users\\User\\Documents\\bd44\\andela\\My-Brand-Backend-Benn-Dalton\\controllers\\message.js","statementMap":{"0":{"start":{"line":5,"column":8},"end":{"line":15,"column":9}},"1":{"start":{"line":6,"column":27},"end":{"line":6,"column":57}},"2":{"start":{"line":7,"column":12},"end":{"line":10,"column":46}},"3":{"start":{"line":8,"column":16},"end":{"line":8,"column":67}},"4":{"start":{"line":10,"column":16},"end":{"line":10,"column":46}},"5":{"start":{"line":13,"column":12},"end":{"line":13,"column":26}},"6":{"start":{"line":14,"column":12},"end":{"line":14,"column":54}},"7":{"start":{"line":19,"column":8},"end":{"line":29,"column":9}},"8":{"start":{"line":20,"column":26},"end":{"line":20,"column":69}},"9":{"start":{"line":21,"column":12},"end":{"line":24,"column":45}},"10":{"start":{"line":22,"column":16},"end":{"line":22,"column":67}},"11":{"start":{"line":24,"column":16},"end":{"line":24,"column":45}},"12":{"start":{"line":27,"column":12},"end":{"line":27,"column":26}},"13":{"start":{"line":28,"column":12},"end":{"line":28,"column":54}},"14":{"start":{"line":33,"column":8},"end":{"line":45,"column":9}},"15":{"start":{"line":34,"column":39},"end":{"line":34,"column":47}},"16":{"start":{"line":36,"column":34},"end":{"line":36,"column":87}},"17":{"start":{"line":37,"column":12},"end":{"line":38,"column":62}},"18":{"start":{"line":38,"column":16},"end":{"line":38,"column":62}},"19":{"start":{"line":40,"column":12},"end":{"line":40,"column":38}},"20":{"start":{"line":43,"column":12},"end":{"line":43,"column":26}},"21":{"start":{"line":44,"column":12},"end":{"line":44,"column":54}},"22":{"start":{"line":49,"column":8},"end":{"line":59,"column":9}},"23":{"start":{"line":50,"column":26},"end":{"line":50,"column":72}},"24":{"start":{"line":51,"column":12},"end":{"line":54,"column":58}},"25":{"start":{"line":52,"column":16},"end":{"line":52,"column":67}},"26":{"start":{"line":54,"column":16},"end":{"line":54,"column":58}},"27":{"start":{"line":57,"column":12},"end":{"line":57,"column":26}},"28":{"start":{"line":58,"column":12},"end":{"line":58,"column":54}},"29":{"start":{"line":63,"column":8},"end":{"line":76,"column":9}},"30":{"start":{"line":64,"column":37},"end":{"line":64,"column":93}},"31":{"start":{"line":65,"column":12},"end":{"line":71,"column":13}},"32":{"start":{"line":66,"column":16},"end":{"line":66,"column":67}},"33":{"start":{"line":68,"column":16},"end":{"line":70,"column":62}},"34":{"start":{"line":68,"column":27},"end":{"line":68,"column":73}},"35":{"start":{"line":70,"column":20},"end":{"line":70,"column":62}},"36":{"start":{"line":74,"column":12},"end":{"line":74,"column":26}},"37":{"start":{"line":75,"column":12},"end":{"line":75,"column":54}}},"fnMap":{"0":{"name":"(anonymous_0)","decl":{"start":{"line":4,"column":4},"end":{"line":4,"column":5}},"loc":{"start":{"line":4,"column":39},"end":{"line":16,"column":5}},"line":4},"1":{"name":"(anonymous_1)","decl":{"start":{"line":18,"column":4},"end":{"line":18,"column":5}},"loc":{"start":{"line":18,"column":38},"end":{"line":30,"column":5}},"line":18},"2":{"name":"(anonymous_2)","decl":{"start":{"line":32,"column":4},"end":{"line":32,"column":5}},"loc":{"start":{"line":32,"column":39},"end":{"line":46,"column":5}},"line":32},"3":{"name":"(anonymous_3)","decl":{"start":{"line":48,"column":4},"end":{"line":48,"column":5}},"loc":{"start":{"line":48,"column":41},"end":{"line":60,"column":5}},"line":48},"4":{"name":"(anonymous_4)","decl":{"start":{"line":62,"column":4},"end":{"line":62,"column":5}},"loc":{"start":{"line":62,"column":41},"end":{"line":77,"column":5}},"line":62}},"branchMap":{"0":{"loc":{"start":{"line":7,"column":12},"end":{"line":10,"column":46}},"type":"if","locations":[{"start":{"line":7,"column":12},"end":{"line":10,"column":46}},{"start":{"line":10,"column":16},"end":{"line":10,"column":46}}],"line":7},"1":{"loc":{"start":{"line":21,"column":12},"end":{"line":24,"column":45}},"type":"if","locations":[{"start":{"line":21,"column":12},"end":{"line":24,"column":45}},{"start":{"line":24,"column":16},"end":{"line":24,"column":45}}],"line":21},"2":{"loc":{"start":{"line":37,"column":12},"end":{"line":38,"column":62}},"type":"if","locations":[{"start":{"line":37,"column":12},"end":{"line":38,"column":62}},{"start":{},"end":{}}],"line":37},"3":{"loc":{"start":{"line":51,"column":12},"end":{"line":54,"column":58}},"type":"if","locations":[{"start":{"line":51,"column":12},"end":{"line":54,"column":58}},{"start":{"line":54,"column":16},"end":{"line":54,"column":58}}],"line":51},"4":{"loc":{"start":{"line":65,"column":12},"end":{"line":71,"column":13}},"type":"if","locations":[{"start":{"line":65,"column":12},"end":{"line":71,"column":13}},{"start":{"line":67,"column":17},"end":{"line":71,"column":13}}],"line":65},"5":{"loc":{"start":{"line":68,"column":16},"end":{"line":70,"column":62}},"type":"if","locations":[{"start":{"line":68,"column":16},"end":{"line":70,"column":62}},{"start":{"line":70,"column":20},"end":{"line":70,"column":62}}],"line":68}},"s":{"0":1,"1":1,"2":1,"3":0,"4":1,"5":0,"6":0,"7":2,"8":2,"9":2,"10":1,"11":1,"12":0,"13":0,"14":2,"15":2,"16":2,"17":2,"18":1,"19":2,"20":0,"21":0,"22":3,"23":3,"24":3,"25":2,"26":1,"27":0,"28":0,"29":2,"30":2,"31":2,"32":1,"33":1,"34":0,"35":1,"36":0,"37":0},"f":{"0":1,"1":2,"2":2,"3":3,"4":2},"b":{"0":[0,1],"1":[1,1],"2":[1,1],"3":[2,1],"4":[1,1],"5":[0,1]},"inputSourceMap":null,"_coverageSchema":"1a1c01bbd47fc00a2c39e90264f33305004495a9","hash":"23523a427396348dd1187a3132f16e793c4714ef"}
,"C:\\Users\\User\\Documents\\bd44\\andela\\My-Brand-Backend-Benn-Dalton\\controllers\\user.js": {"path":"C:\\Users\\User\\Documents\\bd44\\andela\\My-Brand-Backend-Benn-Dalton\\controllers\\user.js","statementMap":{"0":{"start":{"line":6,"column":8},"end":{"line":20,"column":9}},"1":{"start":{"line":7,"column":30},"end":{"line":7,"column":52}},"2":{"start":{"line":8,"column":34},"end":{"line":8,"column":75}},"3":{"start":{"line":9,"column":12},"end":{"line":15,"column":13}},"4":{"start":{"line":10,"column":16},"end":{"line":10,"column":47}},"5":{"start":{"line":12,"column":37},"end":{"line":12,"column":41}},"6":{"start":{"line":13,"column":30},"end":{"line":13,"column":69}},"7":{"start":{"line":14,"column":16},"end":{"line":14,"column":47}},"8":{"start":{"line":18,"column":12},"end":{"line":18,"column":26}},"9":{"start":{"line":19,"column":12},"end":{"line":19,"column":35}},"10":{"start":{"line":24,"column":8},"end":{"line":40,"column":9}},"11":{"start":{"line":25,"column":30},"end":{"line":25,"column":52}},"12":{"start":{"line":26,"column":40},"end":{"line":26,"column":74}},"13":{"start":{"line":27,"column":12},"end":{"line":35,"column":13}},"14":{"start":{"line":28,"column":16},"end":{"line":28,"column":47}},"15":{"start":{"line":29,"column":17},"end":{"line":35,"column":13}},"16":{"start":{"line":30,"column":16},"end":{"line":30,"column":46}},"17":{"start":{"line":32,"column":37},"end":{"line":32,"column":41}},"18":{"start":{"line":33,"column":30},"end":{"line":33,"column":69}},"19":{"start":{"line":34,"column":16},"end":{"line":34,"column":47}},"20":{"start":{"line":38,"column":12},"end":{"line":38,"column":26}},"21":{"start":{"line":39,"column":12},"end":{"line":39,"column":35}},"22":{"start":{"line":44,"column":8},"end":{"line":55,"column":9}},"23":{"start":{"line":45,"column":36},"end":{"line":45,"column":72}},"24":{"start":{"line":47,"column":12},"end":{"line":48,"column":46}},"25":{"start":{"line":48,"column":16},"end":{"line":48,"column":46}},"26":{"start":{"line":50,"column":12},"end":{"line":50,"column":80}},"27":{"start":{"line":53,"column":12},"end":{"line":53,"column":26}},"28":{"start":{"line":54,"column":12},"end":{"line":54,"column":35}},"29":{"start":{"line":59,"column":8},"end":{"line":70,"column":9}},"30":{"start":{"line":60,"column":45},"end":{"line":60,"column":94}},"31":{"start":{"line":63,"column":12},"end":{"line":65,"column":50}},"32":{"start":{"line":63,"column":23},"end":{"line":63,"column":54}},"33":{"start":{"line":64,"column":17},"end":{"line":65,"column":50}},"34":{"start":{"line":64,"column":27},"end":{"line":64,"column":57}},"35":{"start":{"line":65,"column":17},"end":{"line":65,"column":50}},"36":{"start":{"line":68,"column":12},"end":{"line":68,"column":26}},"37":{"start":{"line":69,"column":12},"end":{"line":69,"column":35}}},"fnMap":{"0":{"name":"(anonymous_0)","decl":{"start":{"line":5,"column":4},"end":{"line":5,"column":5}},"loc":{"start":{"line":5,"column":34},"end":{"line":21,"column":5}},"line":5},"1":{"name":"(anonymous_1)","decl":{"start":{"line":23,"column":4},"end":{"line":23,"column":5}},"loc":{"start":{"line":23,"column":33},"end":{"line":41,"column":5}},"line":23},"2":{"name":"(anonymous_2)","decl":{"start":{"line":43,"column":4},"end":{"line":43,"column":5}},"loc":{"start":{"line":43,"column":35},"end":{"line":56,"column":5}},"line":43},"3":{"name":"(anonymous_3)","decl":{"start":{"line":58,"column":4},"end":{"line":58,"column":5}},"loc":{"start":{"line":58,"column":38},"end":{"line":71,"column":5}},"line":58}},"branchMap":{"0":{"loc":{"start":{"line":9,"column":12},"end":{"line":15,"column":13}},"type":"if","locations":[{"start":{"line":9,"column":12},"end":{"line":15,"column":13}},{"start":{"line":11,"column":17},"end":{"line":15,"column":13}}],"line":9},"1":{"loc":{"start":{"line":27,"column":12},"end":{"line":35,"column":13}},"type":"if","locations":[{"start":{"line":27,"column":12},"end":{"line":35,"column":13}},{"start":{"line":29,"column":17},"end":{"line":35,"column":13}}],"line":27},"2":{"loc":{"start":{"line":29,"column":17},"end":{"line":35,"column":13}},"type":"if","locations":[{"start":{"line":29,"column":17},"end":{"line":35,"column":13}},{"start":{"line":31,"column":17},"end":{"line":35,"column":13}}],"line":29},"3":{"loc":{"start":{"line":47,"column":12},"end":{"line":48,"column":46}},"type":"if","locations":[{"start":{"line":47,"column":12},"end":{"line":48,"column":46}},{"start":{},"end":{}}],"line":47},"4":{"loc":{"start":{"line":63,"column":12},"end":{"line":65,"column":50}},"type":"if","locations":[{"start":{"line":63,"column":12},"end":{"line":65,"column":50}},{"start":{"line":64,"column":17},"end":{"line":65,"column":50}}],"line":63},"5":{"loc":{"start":{"line":64,"column":17},"end":{"line":65,"column":50}},"type":"if","locations":[{"start":{"line":64,"column":17},"end":{"line":65,"column":50}},{"start":{"line":65,"column":17},"end":{"line":65,"column":50}}],"line":64}},"s":{"0":3,"1":3,"2":3,"3":3,"4":2,"5":1,"6":1,"7":1,"8":0,"9":0,"10":3,"11":3,"12":3,"13":3,"14":1,"15":2,"16":1,"17":1,"18":1,"19":1,"20":0,"21":0,"22":2,"23":2,"24":1,"25":0,"26":1,"27":1,"28":1,"29":3,"30":3,"31":3,"32":1,"33":2,"34":1,"35":1,"36":0,"37":0},"f":{"0":3,"1":3,"2":2,"3":3},"b":{"0":[2,1],"1":[1,2],"2":[1,1],"3":[0,1],"4":[1,2],"5":[1,1]},"inputSourceMap":null,"_coverageSchema":"1a1c01bbd47fc00a2c39e90264f33305004495a9","hash":"1d0e10f77eddc996e451816636823b9cba6f5558"}
,"C:\\Users\\User\\Documents\\bd44\\andela\\My-Brand-Backend-Benn-Dalton\\middlewares\\authusertoken.js": {"path":"C:\\Users\\User\\Documents\\bd44\\andela\\My-Brand-Backend-Benn-Dalton\\middlewares\\authusertoken.js","statementMap":{"0":{"start":{"line":4,"column":17},"end":{"line":4,"column":45}},"1":{"start":{"line":5,"column":19},"end":{"line":7,"column":19}},"2":{"start":{"line":8,"column":18},"end":{"line":8,"column":48}},"3":{"start":{"line":9,"column":4},"end":{"line":12,"column":5}},"4":{"start":{"line":10,"column":8},"end":{"line":10,"column":69}},"5":{"start":{"line":11,"column":8},"end":{"line":11,"column":14}},"6":{"start":{"line":14,"column":22},"end":{"line":14,"column":44}},"7":{"start":{"line":15,"column":4},"end":{"line":19,"column":6}},"8":{"start":{"line":16,"column":8},"end":{"line":16,"column":32}},"9":{"start":{"line":16,"column":17},"end":{"line":16,"column":32}},"10":{"start":{"line":17,"column":8},"end":{"line":17,"column":23}},"11":{"start":{"line":18,"column":8},"end":{"line":18,"column":14}}},"fnMap":{"0":{"name":"authUserToken","decl":{"start":{"line":3,"column":30},"end":{"line":3,"column":43}},"loc":{"start":{"line":3,"column":60},"end":{"line":21,"column":1}},"line":3},"1":{"name":"(anonymous_1)","decl":{"start":{"line":15,"column":33},"end":{"line":15,"column":34}},"loc":{"start":{"line":15,"column":48},"end":{"line":19,"column":5}},"line":15}},"branchMap":{"0":{"loc":{"start":{"line":5,"column":19},"end":{"line":7,"column":19}},"type":"cond-expr","locations":[{"start":{"line":6,"column":10},"end":{"line":6,"column":25}},{"start":{"line":7,"column":10},"end":{"line":7,"column":19}}],"line":5},"1":{"loc":{"start":{"line":8,"column":18},"end":{"line":8,"column":48}},"type":"cond-expr","locations":[{"start":{"line":8,"column":27},"end":{"line":8,"column":36}},{"start":{"line":8,"column":39},"end":{"line":8,"column":48}}],"line":8},"2":{"loc":{"start":{"line":9,"column":4},"end":{"line":12,"column":5}},"type":"if","locations":[{"start":{"line":9,"column":4},"end":{"line":12,"column":5}},{"start":{},"end":{}}],"line":9},"3":{"loc":{"start":{"line":9,"column":8},"end":{"line":9,"column":58}},"type":"binary-expr","locations":[{"start":{"line":9,"column":8},"end":{"line":9,"column":26}},{"start":{"line":9,"column":30},"end":{"line":9,"column":43}},{"start":{"line":9,"column":47},"end":{"line":9,"column":58}}],"line":9},"4":{"loc":{"start":{"line":16,"column":8},"end":{"line":16,"column":32}},"type":"if","locations":[{"start":{"line":16,"column":8},"end":{"line":16,"column":32}},{"start":{},"end":{}}],"line":16}},"s":{"0":7,"1":7,"2":7,"3":7,"4":2,"5":2,"6":5,"7":5,"8":5,"9":1,"10":5,"11":5},"f":{"0":7,"1":5},"b":{"0":[7,0],"1":[7,0],"2":[2,5],"3":[7,5,5],"4":[1,4]},"inputSourceMap":null,"_coverageSchema":"1a1c01bbd47fc00a2c39e90264f33305004495a9","hash":"b2cba2c3684a89c951903eb1238c7089f5abccd4"}
,"C:\\Users\\User\\Documents\\bd44\\andela\\My-Brand-Backend-Benn-Dalton\\models\\message_model.js": {"path":"C:\\Users\\User\\Documents\\bd44\\andela\\My-Brand-Backend-Benn-Dalton\\models\\message_model.js","statementMap":{"0":{"start":{"line":4,"column":22},"end":{"line":13,"column":24}},"1":{"start":{"line":15,"column":16},"end":{"line":15,"column":47}}},"fnMap":{},"branchMap":{},"s":{"0":3,"1":3},"f":{},"b":{},"inputSourceMap":null,"_coverageSchema":"1a1c01bbd47fc00a2c39e90264f33305004495a9","hash":"b1a255697441c5ac5981b1b63818bd3db2adab44"}
,"C:\\Users\\User\\Documents\\bd44\\andela\\My-Brand-Backend-Benn-Dalton\\models\\user_model.js": {"path":"C:\\Users\\User\\Documents\\bd44\\andela\\My-Brand-Backend-Benn-Dalton\\models\\user_model.js","statementMap":{"0":{"start":{"line":4,"column":19},"end":{"line":17,"column":24}},"1":{"start":{"line":19,"column":13},"end":{"line":19,"column":38}}},"fnMap":{},"branchMap":{},"s":{"0":3,"1":3},"f":{},"b":{},"inputSourceMap":null,"_coverageSchema":"1a1c01bbd47fc00a2c39e90264f33305004495a9","hash":"1133737228045507cd94f19aea7d8d1c1bc5b3d3"}
,"C:\\Users\\User\\Documents\\bd44\\andela\\My-Brand-Backend-Benn-Dalton\\routes\\index.js": {"path":"C:\\Users\\User\\Documents\\bd44\\andela\\My-Brand-Backend-Benn-Dalton\\routes\\index.js","statementMap":{"0":{"start":{"line":5,"column":15},"end":{"line":5,"column":23}},"1":{"start":{"line":7,"column":0},"end":{"line":7,"column":56}},"2":{"start":{"line":7,"column":30},"end":{"line":7,"column":55}},"3":{"start":{"line":8,"column":0},"end":{"line":8,"column":33}},"4":{"start":{"line":9,"column":0},"end":{"line":9,"column":27}}},"fnMap":{"0":{"name":"(anonymous_0)","decl":{"start":{"line":7,"column":16},"end":{"line":7,"column":17}},"loc":{"start":{"line":7,"column":30},"end":{"line":7,"column":55}},"line":7}},"branchMap":{},"s":{"0":3,"1":3,"2":0,"3":3,"4":3},"f":{"0":0},"b":{},"inputSourceMap":null,"_coverageSchema":"1a1c01bbd47fc00a2c39e90264f33305004495a9","hash":"cb175f26553b71f1e6e23dce222df7f4732a2471"}
,"C:\\Users\\User\\Documents\\bd44\\andela\\My-Brand-Backend-Benn-Dalton\\routes\\api\\message_route.js": {"path":"C:\\Users\\User\\Documents\\bd44\\andela\\My-Brand-Backend-Benn-Dalton\\routes\\api\\message_route.js","statementMap":{"0":{"start":{"line":4,"column":15},"end":{"line":4,"column":23}},"1":{"start":{"line":6,"column":0},"end":{"line":6,"column":37}},"2":{"start":{"line":7,"column":0},"end":{"line":7,"column":38}},"3":{"start":{"line":8,"column":0},"end":{"line":8,"column":39}},"4":{"start":{"line":9,"column":0},"end":{"line":9,"column":44}},"5":{"start":{"line":10,"column":0},"end":{"line":10,"column":45}}},"fnMap":{},"branchMap":{},"s":{"0":3,"1":3,"2":3,"3":3,"4":3,"5":3},"f":{},"b":{},"inputSourceMap":null,"_coverageSchema":"1a1c01bbd47fc00a2c39e90264f33305004495a9","hash":"426613958fba4ee65c0ae1e2e763b433e8ae6c19"}
,"C:\\Users\\User\\Documents\\bd44\\andela\\My-Brand-Backend-Benn-Dalton\\routes\\api\\user_route.js": {"path":"C:\\Users\\User\\Documents\\bd44\\andela\\My-Brand-Backend-Benn-Dalton\\routes\\api\\user_route.js","statementMap":{"0":{"start":{"line":5,"column":15},"end":{"line":5,"column":23}},"1":{"start":{"line":7,"column":0},"end":{"line":7,"column":36}},"2":{"start":{"line":8,"column":0},"end":{"line":8,"column":34}},"3":{"start":{"line":9,"column":0},"end":{"line":9,"column":49}},"4":{"start":{"line":10,"column":0},"end":{"line":10,"column":55}}},"fnMap":{},"branchMap":{},"s":{"0":3,"1":3,"2":3,"3":3,"4":3},"f":{},"b":{},"inputSourceMap":null,"_coverageSchema":"1a1c01bbd47fc00a2c39e90264f33305004495a9","hash":"5a089c24bdac662a2867b1a2c1611560f8b14139"}
,"C:\\Users\\User\\Documents\\bd44\\andela\\My-Brand-Backend-Benn-Dalton\\services\\message_services.js": {"path":"C:\\Users\\User\\Documents\\bd44\\andela\\My-Brand-Backend-Benn-Dalton\\services\\message_services.js","statementMap":{"0":{"start":{"line":5,"column":8},"end":{"line":15,"column":9}},"1":{"start":{"line":6,"column":30},"end":{"line":6,"column":58}},"2":{"start":{"line":7,"column":12},"end":{"line":8,"column":32}},"3":{"start":{"line":8,"column":16},"end":{"line":8,"column":32}},"4":{"start":{"line":10,"column":23},"end":{"line":10,"column":49}},"5":{"start":{"line":11,"column":12},"end":{"line":11,"column":27}},"6":{"start":{"line":14,"column":12},"end":{"line":14,"column":26}},"7":{"start":{"line":19,"column":8},"end":{"line":24,"column":9}},"8":{"start":{"line":20,"column":12},"end":{"line":20,"column":41}},"9":{"start":{"line":23,"column":12},"end":{"line":23,"column":26}},"10":{"start":{"line":28,"column":8},"end":{"line":34,"column":9}},"11":{"start":{"line":29,"column":22},"end":{"line":29,"column":56}},"12":{"start":{"line":30,"column":12},"end":{"line":30,"column":22}},"13":{"start":{"line":33,"column":12},"end":{"line":33,"column":26}},"14":{"start":{"line":38,"column":8},"end":{"line":44,"column":9}},"15":{"start":{"line":39,"column":22},"end":{"line":39,"column":65}},"16":{"start":{"line":40,"column":12},"end":{"line":40,"column":22}},"17":{"start":{"line":43,"column":12},"end":{"line":43,"column":26}},"18":{"start":{"line":48,"column":8},"end":{"line":68,"column":9}},"19":{"start":{"line":49,"column":22},"end":{"line":49,"column":56}},"20":{"start":{"line":50,"column":12},"end":{"line":64,"column":13}},"21":{"start":{"line":51,"column":16},"end":{"line":53,"column":17}},"22":{"start":{"line":52,"column":20},"end":{"line":52,"column":43}},"23":{"start":{"line":54,"column":34},"end":{"line":54,"column":100}},"24":{"start":{"line":55,"column":16},"end":{"line":60,"column":17}},"25":{"start":{"line":56,"column":20},"end":{"line":56,"column":50}},"26":{"start":{"line":58,"column":20},"end":{"line":58,"column":30}},"27":{"start":{"line":59,"column":20},"end":{"line":59,"column":43}},"28":{"start":{"line":63,"column":16},"end":{"line":63,"column":40}},"29":{"start":{"line":67,"column":12},"end":{"line":67,"column":26}}},"fnMap":{"0":{"name":"(anonymous_0)","decl":{"start":{"line":4,"column":4},"end":{"line":4,"column":5}},"loc":{"start":{"line":4,"column":35},"end":{"line":16,"column":5}},"line":4},"1":{"name":"(anonymous_1)","decl":{"start":{"line":18,"column":4},"end":{"line":18,"column":5}},"loc":{"start":{"line":18,"column":26},"end":{"line":25,"column":5}},"line":18},"2":{"name":"(anonymous_2)","decl":{"start":{"line":27,"column":4},"end":{"line":27,"column":5}},"loc":{"start":{"line":27,"column":28},"end":{"line":35,"column":5}},"line":27},"3":{"name":"(anonymous_3)","decl":{"start":{"line":37,"column":4},"end":{"line":37,"column":5}},"loc":{"start":{"line":37,"column":31},"end":{"line":45,"column":5}},"line":37},"4":{"name":"(anonymous_4)","decl":{"start":{"line":47,"column":4},"end":{"line":47,"column":5}},"loc":{"start":{"line":47,"column":40},"end":{"line":69,"column":5}},"line":47}},"branchMap":{"0":{"loc":{"start":{"line":7,"column":12},"end":{"line":8,"column":32}},"type":"if","locations":[{"start":{"line":7,"column":12},"end":{"line":8,"column":32}},{"start":{},"end":{}}],"line":7},"1":{"loc":{"start":{"line":50,"column":12},"end":{"line":64,"column":13}},"type":"if","locations":[{"start":{"line":50,"column":12},"end":{"line":64,"column":13}},{"start":{"line":62,"column":17},"end":{"line":64,"column":13}}],"line":50},"2":{"loc":{"start":{"line":55,"column":16},"end":{"line":60,"column":17}},"type":"if","locations":[{"start":{"line":55,"column":16},"end":{"line":60,"column":17}},{"start":{"line":57,"column":21},"end":{"line":60,"column":17}}],"line":55}},"s":{"0":2,"1":2,"2":2,"3":1,"4":1,"5":1,"6":0,"7":1,"8":1,"9":0,"10":2,"11":2,"12":2,"13":0,"14":3,"15":3,"16":3,"17":0,"18":2,"19":2,"20":2,"21":1,"22":1,"23":1,"24":1,"25":0,"26":1,"27":1,"28":1,"29":0},"f":{"0":2,"1":1,"2":2,"3":3,"4":2},"b":{"0":[1,1],"1":[1,1],"2":[0,1]},"inputSourceMap":null,"_coverageSchema":"1a1c01bbd47fc00a2c39e90264f33305004495a9","hash":"8fa03bac8b98849f363018ad0bd7001847de7690"}
,"C:\\Users\\User\\Documents\\bd44\\andela\\My-Brand-Backend-Benn-Dalton\\services\\user_services.js": {"path":"C:\\Users\\User\\Documents\\bd44\\andela\\My-Brand-Backend-Benn-Dalton\\services\\user_services.js","statementMap":{"0":{"start":{"line":5,"column":8},"end":{"line":23,"column":9}},"1":{"start":{"line":6,"column":40},"end":{"line":6,"column":44}},"2":{"start":{"line":7,"column":12},"end":{"line":18,"column":13}},"3":{"start":{"line":8,"column":16},"end":{"line":8,"column":66}},"4":{"start":{"line":10,"column":30},"end":{"line":10,"column":66}},"5":{"start":{"line":11,"column":16},"end":{"line":17,"column":42}},"6":{"start":{"line":12,"column":20},"end":{"line":12,"column":66}},"7":{"start":{"line":14,"column":21},"end":{"line":17,"column":42}},"8":{"start":{"line":15,"column":20},"end":{"line":15,"column":66}},"9":{"start":{"line":17,"column":20},"end":{"line":17,"column":42}},"10":{"start":{"line":21,"column":12},"end":{"line":21,"column":26}},"11":{"start":{"line":22,"column":12},"end":{"line":22,"column":31}},"12":{"start":{"line":27,"column":8},"end":{"line":44,"column":9}},"13":{"start":{"line":28,"column":50},"end":{"line":28,"column":54}},"14":{"start":{"line":30,"column":37},"end":{"line":30,"column":87}},"15":{"start":{"line":31,"column":12},"end":{"line":32,"column":32}},"16":{"start":{"line":32,"column":16},"end":{"line":32,"column":32}},"17":{"start":{"line":34,"column":26},"end":{"line":34,"column":68}},"18":{"start":{"line":35,"column":12},"end":{"line":36,"column":63}},"19":{"start":{"line":36,"column":16},"end":{"line":36,"column":63}},"20":{"start":{"line":38,"column":25},"end":{"line":38,"column":49}},"21":{"start":{"line":40,"column":12},"end":{"line":40,"column":45}},"22":{"start":{"line":43,"column":12},"end":{"line":43,"column":26}},"23":{"start":{"line":48,"column":8},"end":{"line":59,"column":9}},"24":{"start":{"line":49,"column":33},"end":{"line":49,"column":37}},"25":{"start":{"line":51,"column":26},"end":{"line":51,"column":68}},"26":{"start":{"line":52,"column":12},"end":{"line":53,"column":63}},"27":{"start":{"line":53,"column":16},"end":{"line":53,"column":63}},"28":{"start":{"line":55,"column":12},"end":{"line":55,"column":34}},"29":{"start":{"line":58,"column":12},"end":{"line":58,"column":26}},"30":{"start":{"line":63,"column":8},"end":{"line":86,"column":9}},"31":{"start":{"line":64,"column":33},"end":{"line":64,"column":37}},"32":{"start":{"line":66,"column":12},"end":{"line":67,"column":62}},"33":{"start":{"line":67,"column":16},"end":{"line":67,"column":62}},"34":{"start":{"line":69,"column":12},"end":{"line":70,"column":69}},"35":{"start":{"line":70,"column":16},"end":{"line":70,"column":69}},"36":{"start":{"line":71,"column":33},"end":{"line":71,"column":37}},"37":{"start":{"line":73,"column":26},"end":{"line":73,"column":68}},"38":{"start":{"line":74,"column":12},"end":{"line":75,"column":63}},"39":{"start":{"line":75,"column":16},"end":{"line":75,"column":63}},"40":{"start":{"line":77,"column":12},"end":{"line":78,"column":62}},"41":{"start":{"line":78,"column":16},"end":{"line":78,"column":62}},"42":{"start":{"line":80,"column":28},"end":{"line":80,"column":67}},"43":{"start":{"line":81,"column":12},"end":{"line":81,"column":30}},"44":{"start":{"line":84,"column":12},"end":{"line":84,"column":26}},"45":{"start":{"line":85,"column":12},"end":{"line":85,"column":31}}},"fnMap":{"0":{"name":"(anonymous_0)","decl":{"start":{"line":4,"column":4},"end":{"line":4,"column":5}},"loc":{"start":{"line":4,"column":29},"end":{"line":24,"column":5}},"line":4},"1":{"name":"(anonymous_1)","decl":{"start":{"line":26,"column":4},"end":{"line":26,"column":5}},"loc":{"start":{"line":26,"column":36},"end":{"line":45,"column":5}},"line":26},"2":{"name":"(anonymous_2)","decl":{"start":{"line":47,"column":4},"end":{"line":47,"column":5}},"loc":{"start":{"line":47,"column":31},"end":{"line":60,"column":5}},"line":47},"3":{"name":"(anonymous_3)","decl":{"start":{"line":62,"column":4},"end":{"line":62,"column":5}},"loc":{"start":{"line":62,"column":40},"end":{"line":87,"column":5}},"line":62}},"branchMap":{"0":{"loc":{"start":{"line":7,"column":12},"end":{"line":18,"column":13}},"type":"if","locations":[{"start":{"line":7,"column":12},"end":{"line":18,"column":13}},{"start":{"line":9,"column":17},"end":{"line":18,"column":13}}],"line":7},"1":{"loc":{"start":{"line":7,"column":16},"end":{"line":7,"column":59}},"type":"binary-expr","locations":[{"start":{"line":7,"column":16},"end":{"line":7,"column":34}},{"start":{"line":7,"column":38},"end":{"line":7,"column":59}}],"line":7},"2":{"loc":{"start":{"line":11,"column":16},"end":{"line":17,"column":42}},"type":"if","locations":[{"start":{"line":11,"column":16},"end":{"line":17,"column":42}},{"start":{"line":14,"column":21},"end":{"line":17,"column":42}}],"line":11},"3":{"loc":{"start":{"line":14,"column":21},"end":{"line":17,"column":42}},"type":"if","locations":[{"start":{"line":14,"column":21},"end":{"line":17,"column":42}},{"start":{"line":17,"column":20},"end":{"line":17,"column":42}}],"line":14},"4":{"loc":{"start":{"line":31,"column":12},"end":{"line":32,"column":32}},"type":"if","locations":[{"start":{"line":31,"column":12},"end":{"line":32,"column":32}},{"start":{},"end":{}}],"line":31},"5":{"loc":{"start":{"line":35,"column":12},"end":{"line":36,"column":63}},"type":"if","locations":[{"start":{"line":35,"column":12},"end":{"line":36,"column":63}},{"start":{},"end":{}}],"line":35},"6":{"loc":{"start":{"line":52,"column":12},"end":{"line":53,"column":63}},"type":"if","locations":[{"start":{"line":52,"column":12},"end":{"line":53,"column":63}},{"start":{},"end":{}}],"line":52},"7":{"loc":{"start":{"line":66,"column":12},"end":{"line":67,"column":62}},"type":"if","locations":[{"start":{"line":66,"column":12},"end":{"line":67,"column":62}},{"start":{},"end":{}}],"line":66},"8":{"loc":{"start":{"line":69,"column":12},"end":{"line":70,"column":69}},"type":"if","locations":[{"start":{"line":69,"column":12},"end":{"line":70,"column":69}},{"start":{},"end":{}}],"line":69},"9":{"loc":{"start":{"line":74,"column":12},"end":{"line":75,"column":63}},"type":"if","locations":[{"start":{"line":74,"column":12},"end":{"line":75,"column":63}},{"start":{},"end":{}}],"line":74},"10":{"loc":{"start":{"line":77,"column":12},"end":{"line":78,"column":62}},"type":"if","locations":[{"start":{"line":77,"column":12},"end":{"line":78,"column":62}},{"start":{},"end":{}}],"line":77}},"s":{"0":3,"1":3,"2":3,"3":1,"4":2,"5":2,"6":1,"7":1,"8":0,"9":1,"10":0,"11":0,"12":3,"13":3,"14":3,"15":3,"16":1,"17":2,"18":2,"19":1,"20":1,"21":1,"22":0,"23":2,"24":2,"25":1,"26":1,"27":0,"28":1,"29":1,"30":3,"31":3,"32":3,"33":0,"34":3,"35":1,"36":2,"37":2,"38":2,"39":0,"40":2,"41":1,"42":1,"43":1,"44":0,"45":0},"f":{"0":3,"1":3,"2":2,"3":3},"b":{"0":[1,2],"1":[3,3],"2":[1,1],"3":[0,1],"4":[1,2],"5":[1,1],"6":[0,1],"7":[0,3],"8":[1,2],"9":[0,2],"10":[1,1]},"inputSourceMap":null,"_coverageSchema":"1a1c01bbd47fc00a2c39e90264f33305004495a9","hash":"066e86a47b8b18e5909925690afad5474d12db74"}
,"C:\\Users\\User\\Documents\\bd44\\andela\\My-Brand-Backend-Benn-Dalton\\validations\\message_validator.js": {"path":"C:\\Users\\User\\Documents\\bd44\\andela\\My-Brand-Backend-Benn-Dalton\\validations\\message_validator.js","statementMap":{"0":{"start":{"line":3,"column":25},"end":{"line":12,"column":1}},"1":{"start":{"line":4,"column":19},"end":{"line":7,"column":6}},"2":{"start":{"line":9,"column":4},"end":{"line":11,"column":6}}},"fnMap":{"0":{"name":"(anonymous_0)","decl":{"start":{"line":3,"column":25},"end":{"line":3,"column":26}},"loc":{"start":{"line":3,"column":33},"end":{"line":12,"column":1}},"line":3}},"branchMap":{},"s":{"0":3,"1":3,"2":3},"f":{"0":3},"b":{},"inputSourceMap":null,"_coverageSchema":"1a1c01bbd47fc00a2c39e90264f33305004495a9","hash":"2590b0efd91f9fae161ad4e8436d2890160944a1"}
,"C:\\Users\\User\\Documents\\bd44\\andela\\My-Brand-Backend-Benn-Dalton\\validations\\user_validator.js": {"path":"C:\\Users\\User\\Documents\\bd44\\andela\\My-Brand-Backend-Benn-Dalton\\validations\\user_validator.js","statementMap":{"0":{"start":{"line":3,"column":20},"end":{"line":3,"column":53}},"1":{"start":{"line":5,"column":22},"end":{"line":33,"column":1}},"2":{"start":{"line":6,"column":19},"end":{"line":28,"column":6}},"3":{"start":{"line":30,"column":4},"end":{"line":32,"column":6}}},"fnMap":{"0":{"name":"(anonymous_0)","decl":{"start":{"line":5,"column":22},"end":{"line":5,"column":23}},"loc":{"start":{"line":5,"column":36},"end":{"line":33,"column":1}},"line":5}},"branchMap":{},"s":{"0":3,"1":3,"2":3,"3":3},"f":{"0":3},"b":{},"inputSourceMap":null,"_coverageSchema":"1a1c01bbd47fc00a2c39e90264f33305004495a9","hash":"fffb25d835d511f8839725691f1f8336f5b76a18"}
}
