TN:
SF:app.js
FN:29,(anonymous_0)
FN:37,(anonymous_1)
FN:40,(anonymous_2)
FNF:3
FNH:2
FNDA:2,(anonymous_0)
FNDA:4,(anonymous_1)
FNDA:0,(anonymous_2)
DA:12,4
DA:13,4
DA:15,4
DA:16,4
DA:17,4
DA:20,4
DA:21,4
DA:22,4
DA:25,4
DA:28,4
DA:29,4
DA:30,2
DA:38,4
DA:39,4
DA:40,0
LF:15
LH:14
BRF:0
BRH:0
end_of_record
TN:
SF:swagger.js
FNF:0
FNH:0
DA:3,4
DA:23,4
LF:2
LH:2
BRF:0
BRH:0
end_of_record
TN:
SF:controllers\blog.js
FN:4,(anonymous_0)
FN:18,(anonymous_1)
FN:32,(anonymous_2)
FN:48,(anonymous_3)
FN:65,(anonymous_4)
FNF:5
FNH:5
FNDA:1,(anonymous_0)
FNDA:2,(anonymous_1)
FNDA:3,(anonymous_2)
FNDA:2,(anonymous_3)
FNDA:3,(anonymous_4)
DA:5,1
DA:6,1
DA:7,1
DA:8,0
DA:10,1
DA:13,0
DA:14,0
DA:19,2
DA:20,2
DA:21,2
DA:22,1
DA:24,1
DA:27,0
DA:28,0
DA:33,3
DA:34,3
DA:35,3
DA:36,0
DA:37,3
DA:38,2
DA:40,1
DA:43,0
DA:44,0
DA:49,2
DA:50,2
DA:51,2
DA:52,2
DA:53,0
DA:54,2
DA:55,1
DA:57,1
DA:60,0
DA:61,0
DA:66,3
DA:67,3
DA:68,3
DA:69,1
DA:70,2
DA:71,1
DA:73,1
DA:76,0
DA:77,0
LF:42
LH:29
BRDA:7,0,0,0
BRDA:7,0,1,1
BRDA:21,1,0,1
BRDA:21,1,1,1
BRDA:35,2,0,0
BRDA:35,2,1,3
BRDA:37,3,0,2
BRDA:37,3,1,1
BRDA:52,4,0,0
BRDA:52,4,1,2
BRDA:54,5,0,1
BRDA:54,5,1,1
BRDA:68,6,0,1
BRDA:68,6,1,2
BRDA:70,7,0,1
BRDA:70,7,1,1
BRF:16
BRH:13
end_of_record
TN:
SF:controllers\message.js
FN:4,(anonymous_0)
FN:18,(anonymous_1)
FN:32,(anonymous_2)
FN:48,(anonymous_3)
FN:62,(anonymous_4)
FNF:5
FNH:5
FNDA:1,(anonymous_0)
FNDA:2,(anonymous_1)
FNDA:2,(anonymous_2)
FNDA:3,(anonymous_3)
FNDA:2,(anonymous_4)
DA:5,1
DA:6,1
DA:7,1
DA:8,0
DA:10,1
DA:13,0
DA:14,0
DA:19,2
DA:20,2
DA:21,2
DA:22,1
DA:24,1
DA:27,0
DA:28,0
DA:33,2
DA:34,2
DA:36,2
DA:37,2
DA:38,1
DA:40,2
DA:43,0
DA:44,0
DA:49,3
DA:50,3
DA:51,3
DA:52,2
DA:54,1
DA:57,0
DA:58,0
DA:63,2
DA:64,2
DA:65,2
DA:66,1
DA:68,1
DA:70,1
DA:74,0
DA:75,0
LF:37
LH:26
BRDA:7,0,0,0
BRDA:7,0,1,1
BRDA:21,1,0,1
BRDA:21,1,1,1
BRDA:37,2,0,1
BRDA:37,2,1,1
BRDA:51,3,0,2
BRDA:51,3,1,1
BRDA:65,4,0,1
BRDA:65,4,1,1
BRDA:68,5,0,0
BRDA:68,5,1,1
BRF:12
BRH:10
end_of_record
TN:
SF:controllers\user.js
FN:5,(anonymous_0)
FN:23,(anonymous_1)
FN:43,(anonymous_2)
FN:59,(anonymous_3)
FN:75,(anonymous_4)
FN:93,(anonymous_5)
FN:108,(anonymous_6)
FNF:7
FNH:7
FNDA:5,(anonymous_0)
FNDA:4,(anonymous_1)
FNDA:2,(anonymous_2)
FNDA:1,(anonymous_3)
FNDA:4,(anonymous_4)
FNDA:4,(anonymous_5)
FNDA:3,(anonymous_6)
DA:6,5
DA:7,5
DA:8,5
DA:9,5
DA:10,2
DA:12,3
DA:13,3
DA:14,3
DA:18,0
DA:19,0
DA:24,4
DA:25,4
DA:26,4
DA:27,4
DA:28,1
DA:29,3
DA:30,1
DA:32,2
DA:33,2
DA:34,2
DA:38,0
DA:39,0
DA:44,2
DA:45,2
DA:47,2
DA:48,1
DA:50,1
DA:54,0
DA:55,0
DA:60,1
DA:61,1
DA:63,1
DA:64,0
DA:66,1
DA:70,0
DA:71,0
DA:76,4
DA:77,4
DA:78,4
DA:80,4
DA:81,3
DA:83,1
DA:84,1
DA:88,0
DA:89,0
DA:94,4
DA:95,4
DA:98,4
DA:99,3
DA:100,2
DA:103,0
DA:104,0
DA:109,3
DA:110,3
DA:113,3
DA:114,2
DA:115,1
DA:118,0
DA:119,0
LF:59
LH:44
BRDA:9,0,0,2
BRDA:9,0,1,3
BRDA:27,1,0,1
BRDA:27,1,1,3
BRDA:29,2,0,1
BRDA:29,2,1,2
BRDA:47,3,0,1
BRDA:47,3,1,1
BRDA:63,4,0,0
BRDA:63,4,1,1
BRDA:80,5,0,3
BRDA:80,5,1,1
BRDA:98,6,0,1
BRDA:98,6,1,3
BRDA:99,7,0,1
BRDA:99,7,1,2
BRDA:113,8,0,1
BRDA:113,8,1,2
BRDA:114,9,0,1
BRDA:114,9,1,1
BRF:20
BRH:19
end_of_record
TN:
SF:middlewares\authusertoken.js
FN:3,authUserToken
FN:15,(anonymous_1)
FNF:2
FNH:2
FNDA:25,authUserToken
FNDA:23,(anonymous_1)
DA:4,25
DA:5,25
DA:8,25
DA:9,25
DA:10,2
DA:11,2
DA:14,23
DA:15,23
DA:16,23
DA:17,20
DA:19,20
DA:20,20
DA:23,23
DA:24,3
LF:14
LH:14
BRDA:5,0,0,25
BRDA:5,0,1,0
BRDA:8,1,0,25
BRDA:8,1,1,0
BRDA:9,2,0,2
BRDA:9,2,1,23
BRDA:9,3,0,25
BRDA:9,3,1,23
BRDA:9,3,2,23
BRDA:16,4,0,3
BRDA:16,4,1,20
BRDA:17,5,0,0
BRDA:17,5,1,20
BRDA:23,6,0,3
BRDA:23,6,1,20
BRF:15
BRH:12
end_of_record
TN:
SF:models\blog_model.js
FNF:0
FNH:0
DA:4,4
DA:14,4
DA:37,4
DA:57,4
LF:4
LH:4
BRF:0
BRH:0
end_of_record
TN:
SF:models\message_model.js
FNF:0
FNH:0
DA:4,4
DA:15,4
LF:2
LH:2
BRF:0
BRH:0
end_of_record
TN:
SF:models\user_model.js
FNF:0
FNH:0
DA:4,4
DA:23,4
LF:2
LH:2
BRF:0
BRH:0
end_of_record
TN:
SF:routes\index.js
FN:8,(anonymous_0)
FNF:1
FNH:0
FNDA:0,(anonymous_0)
DA:6,4
DA:8,4
DA:9,4
DA:10,4
DA:11,4
LF:5
LH:5
BRF:0
BRH:0
end_of_record
TN:
SF:routes\api\blog_route.js
FNF:0
FNH:0
DA:5,4
DA:7,4
DA:8,4
DA:9,4
DA:10,4
DA:11,4
LF:6
LH:6
BRF:0
BRH:0
end_of_record
TN:
SF:routes\api\message_route.js
FNF:0
FNH:0
DA:4,4
DA:6,4
DA:7,4
DA:8,4
DA:9,4
DA:10,4
LF:6
LH:6
BRF:0
BRH:0
end_of_record
TN:
SF:routes\api\user_route.js
FNF:0
FNH:0
DA:5,4
DA:7,4
DA:8,4
DA:9,4
DA:10,4
DA:11,4
DA:12,4
DA:13,4
LF:8
LH:8
BRF:0
BRH:0
end_of_record
TN:
SF:services\blog_services.js
FN:7,(anonymous_0)
FN:18,(anonymous_1)
FN:31,(anonymous_2)
FN:47,(anonymous_3)
FN:68,(anonymous_4)
FNF:5
FNH:5
FNDA:1,(anonymous_0)
FNDA:2,(anonymous_1)
FNDA:3,(anonymous_2)
FNDA:2,(anonymous_3)
FNDA:3,(anonymous_4)
DA:4,4
DA:8,1
DA:9,1
DA:10,1
DA:13,0
DA:14,0
DA:19,2
DA:20,2
DA:21,1
DA:22,0
DA:23,1
DA:26,1
DA:27,1
DA:32,3
DA:33,3
DA:34,0
DA:36,3
DA:37,2
DA:38,1
DA:39,1
DA:42,1
DA:43,1
DA:48,2
DA:49,2
DA:50,2
DA:51,2
DA:52,2
DA:53,0
DA:55,2
DA:56,2
DA:57,1
DA:59,1
DA:60,1
DA:63,0
DA:64,0
DA:69,3
DA:70,3
DA:71,3
DA:72,3
DA:73,3
DA:74,0
DA:76,3
DA:77,2
DA:78,0
DA:84,2
DA:85,3
DA:86,1
DA:87,2
DA:90,1
DA:91,1
DA:92,1
DA:93,0
DA:94,1
DA:95,1
DA:98,1
DA:99,1
LF:56
LH:46
BRDA:21,0,0,0
BRDA:21,0,1,1
BRDA:33,1,0,0
BRDA:33,1,1,3
BRDA:37,2,0,1
BRDA:37,2,1,1
BRDA:52,3,0,0
BRDA:52,3,1,2
BRDA:56,4,0,1
BRDA:56,4,1,1
BRDA:73,5,0,0
BRDA:73,5,1,3
BRDA:77,6,0,0
BRDA:77,6,1,2
BRDA:85,7,0,1
BRDA:85,7,1,2
BRDA:85,8,0,3
BRDA:85,8,1,1
BRDA:92,9,0,0
BRDA:92,9,1,1
BRF:20
BRH:14
end_of_record
TN:
SF:services\message_services.js
FN:4,(anonymous_0)
FN:18,(anonymous_1)
FN:27,(anonymous_2)
FN:37,(anonymous_3)
FN:47,(anonymous_4)
FNF:5
FNH:5
FNDA:2,(anonymous_0)
FNDA:1,(anonymous_1)
FNDA:2,(anonymous_2)
FNDA:3,(anonymous_3)
FNDA:2,(anonymous_4)
DA:5,2
DA:6,2
DA:7,2
DA:8,1
DA:10,1
DA:11,1
DA:14,0
DA:19,1
DA:20,1
DA:23,0
DA:28,2
DA:29,2
DA:30,2
DA:33,0
DA:38,3
DA:39,3
DA:40,3
DA:43,0
DA:48,2
DA:49,2
DA:50,2
DA:51,1
DA:52,1
DA:54,1
DA:55,1
DA:56,0
DA:58,1
DA:59,1
DA:63,1
DA:67,0
LF:30
LH:24
BRDA:7,0,0,1
BRDA:7,0,1,1
BRDA:50,1,0,1
BRDA:50,1,1,1
BRDA:55,2,0,0
BRDA:55,2,1,1
BRF:6
BRH:5
end_of_record
TN:
SF:services\user_services.js
FN:8,(anonymous_0)
FN:27,(anonymous_1)
FN:51,(anonymous_2)
FN:64,(anonymous_3)
FN:79,(anonymous_4)
FN:116,(anonymous_5)
FN:143,(anonymous_6)
FNF:7
FNH:7
FNDA:4,(anonymous_0)
FNDA:5,(anonymous_1)
FNDA:2,(anonymous_2)
FNDA:1,(anonymous_3)
FNDA:4,(anonymous_4)
FNDA:4,(anonymous_5)
FNDA:3,(anonymous_6)
DA:4,4
DA:5,4
DA:9,4
DA:10,4
DA:11,4
DA:12,1
DA:14,3
DA:15,3
DA:16,1
DA:18,2
DA:22,0
DA:23,0
DA:28,5
DA:29,5
DA:31,5
DA:32,5
DA:33,1
DA:35,4
DA:36,4
DA:37,1
DA:39,3
DA:41,3
DA:42,3
DA:44,3
DA:47,0
DA:52,2
DA:53,2
DA:54,2
DA:55,1
DA:57,1
DA:60,0
DA:65,1
DA:66,1
DA:68,1
DA:69,1
DA:70,0
DA:72,1
DA:75,0
DA:80,4
DA:81,4
DA:82,4
DA:83,1
DA:84,1
DA:85,1
DA:88,3
DA:89,3
DA:90,0
DA:92,3
DA:93,3
DA:94,1
DA:96,2
DA:97,1
DA:99,2
DA:104,2
DA:105,1
DA:107,1
DA:108,1
DA:112,0
DA:117,4
DA:118,4
DA:120,4
DA:121,0
DA:123,4
DA:124,1
DA:125,3
DA:127,3
DA:128,3
DA:129,0
DA:131,3
DA:132,1
DA:134,2
DA:135,2
DA:138,0
DA:139,0
DA:144,3
DA:145,3
DA:146,3
DA:148,3
DA:149,0
DA:151,3
DA:152,0
DA:153,3
DA:156,3
DA:157,3
DA:158,0
DA:160,3
DA:161,1
DA:163,2
DA:164,2
DA:165,1
DA:167,1
DA:168,1
DA:171,0
DA:172,0
LF:94
LH:77
BRDA:11,0,0,1
BRDA:11,0,1,3
BRDA:11,1,0,4
BRDA:11,1,1,4
BRDA:15,2,0,1
BRDA:15,2,1,2
BRDA:15,3,0,3
BRDA:15,3,1,2
BRDA:32,4,0,1
BRDA:32,4,1,4
BRDA:36,5,0,1
BRDA:36,5,1,3
BRDA:54,6,0,1
BRDA:54,6,1,1
BRDA:69,7,0,0
BRDA:69,7,1,1
BRDA:82,8,0,1
BRDA:82,8,1,3
BRDA:82,9,0,4
BRDA:82,9,1,1
BRDA:84,10,0,1
BRDA:84,10,1,0
BRDA:89,11,0,0
BRDA:89,11,1,3
BRDA:93,12,0,1
BRDA:93,12,1,2
BRDA:93,13,0,3
BRDA:93,13,1,1
BRDA:96,14,0,1
BRDA:96,14,1,1
BRDA:102,15,0,2
BRDA:102,15,1,1
BRDA:104,16,0,1
BRDA:104,16,1,1
BRDA:120,17,0,0
BRDA:120,17,1,4
BRDA:123,18,0,1
BRDA:123,18,1,3
BRDA:128,19,0,0
BRDA:128,19,1,3
BRDA:131,20,0,1
BRDA:131,20,1,2
BRDA:148,21,0,0
BRDA:148,21,1,3
BRDA:151,22,0,0
BRDA:151,22,1,3
BRDA:157,23,0,0
BRDA:157,23,1,3
BRDA:160,24,0,1
BRDA:160,24,1,2
BRDA:164,25,0,1
BRDA:164,25,1,1
BRF:52
BRH:44
end_of_record
TN:
SF:validations\blog_validator.js
FN:3,(anonymous_0)
FNF:1
FNH:1
FNDA:3,(anonymous_0)
DA:3,4
DA:4,3
DA:15,3
LF:3
LH:3
BRF:0
BRH:0
end_of_record
TN:
SF:validations\message_validator.js
FN:3,(anonymous_0)
FNF:1
FNH:1
FNDA:3,(anonymous_0)
DA:3,4
DA:4,3
DA:9,3
LF:3
LH:3
BRF:0
BRH:0
end_of_record
TN:
SF:validations\user_validator.js
FN:5,(anonymous_0)
FNF:1
FNH:1
FNDA:7,(anonymous_0)
DA:3,4
DA:5,4
DA:6,7
DA:30,7
LF:4
LH:4
BRF:0
BRH:0
end_of_record
