TN:
SF:app.js
FN:56,(anonymous_0)
FN:66,(anonymous_1)
FN:69,(anonymous_2)
FNF:3
FNH:2
FNDA:2,(anonymous_0)
FNDA:2,(anonymous_1)
FNDA:0,(anonymous_2)
DA:12,2
DA:13,2
DA:15,2
DA:16,2
DA:17,2
DA:20,2
DA:21,2
DA:22,2
DA:25,2
DA:32,2
DA:50,2
DA:51,2
DA:55,2
DA:56,2
DA:57,2
DA:61,2
DA:67,2
DA:68,2
DA:69,0
LF:19
LH:18
BRF:0
BRH:0
end_of_record
TN:
SF:controllers\message.js
FN:4,(anonymous_0)
FN:18,(anonymous_1)
FN:32,(anonymous_2)
FN:48,(anonymous_3)
FN:62,(anonymous_4)
FNF:5
FNH:5
FNDA:1,(anonymous_0)
FNDA:2,(anonymous_1)
FNDA:2,(anonymous_2)
FNDA:3,(anonymous_3)
FNDA:2,(anonymous_4)
DA:5,1
DA:6,1
DA:7,1
DA:8,0
DA:10,1
DA:13,0
DA:14,0
DA:19,2
DA:20,2
DA:21,2
DA:22,1
DA:24,1
DA:27,0
DA:28,0
DA:33,2
DA:34,2
DA:36,2
DA:37,2
DA:38,1
DA:40,2
DA:43,0
DA:44,0
DA:49,3
DA:50,3
DA:51,3
DA:52,2
DA:54,1
DA:57,0
DA:58,0
DA:63,2
DA:64,2
DA:65,2
DA:66,1
DA:68,1
DA:70,1
DA:74,0
DA:75,0
LF:37
LH:26
BRDA:7,0,0,0
BRDA:7,0,1,1
BRDA:21,1,0,1
BRDA:21,1,1,1
BRDA:37,2,0,1
BRDA:37,2,1,1
BRDA:51,3,0,2
BRDA:51,3,1,1
BRDA:65,4,0,1
BRDA:65,4,1,1
BRDA:68,5,0,0
BRDA:68,5,1,1
BRF:12
BRH:10
end_of_record
TN:
SF:models\message_model.js
FNF:0
FNH:0
DA:4,2
DA:15,2
LF:2
LH:2
BRF:0
BRH:0
end_of_record
TN:
SF:routes\index.js
FN:6,(anonymous_0)
FNF:1
FNH:0
FNDA:0,(anonymous_0)
DA:4,2
DA:6,2
DA:7,2
LF:3
LH:3
BRF:0
BRH:0
end_of_record
TN:
SF:routes\api\message_route.js
FNF:0
FNH:0
DA:4,2
DA:6,2
DA:7,2
DA:8,2
DA:9,2
DA:10,2
LF:6
LH:6
BRF:0
BRH:0
end_of_record
TN:
SF:services\message_services.js
FN:4,(anonymous_0)
FN:18,(anonymous_1)
FN:27,(anonymous_2)
FN:37,(anonymous_3)
FN:47,(anonymous_4)
FNF:5
FNH:5
FNDA:2,(anonymous_0)
FNDA:1,(anonymous_1)
FNDA:2,(anonymous_2)
FNDA:3,(anonymous_3)
FNDA:2,(anonymous_4)
DA:5,2
DA:6,2
DA:7,2
DA:8,1
DA:10,1
DA:11,1
DA:14,0
DA:19,1
DA:20,1
DA:23,0
DA:28,2
DA:29,2
DA:30,2
DA:33,0
DA:38,3
DA:39,3
DA:40,3
DA:43,0
DA:48,2
DA:49,2
DA:50,2
DA:51,1
DA:52,1
DA:54,1
DA:55,1
DA:56,0
DA:58,1
DA:59,1
DA:63,1
DA:67,0
LF:30
LH:24
BRDA:7,0,0,1
BRDA:7,0,1,1
BRDA:50,1,0,1
BRDA:50,1,1,1
BRDA:55,2,0,0
BRDA:55,2,1,1
BRF:6
BRH:5
end_of_record
TN:
SF:validations\message_validator.js
FN:3,(anonymous_0)
FNF:1
FNH:1
FNDA:3,(anonymous_0)
DA:3,2
DA:4,3
DA:9,3
LF:3
LH:3
BRF:0
BRH:0
end_of_record
